TN:
SF:app/api/analytics/route.ts
FN:36,POST
FN:60,GET
FN:80,getAnalyticsReport
FN:110,(anonymous_3)
FN:144,(anonymous_4)
FNF:5
FNH:0
FNDA:0,POST
FNDA:0,GET
FNDA:0,getAnalyticsReport
FNDA:0,(anonymous_3)
FNDA:0,(anonymous_4)
DA:3,0
DA:4,0
DA:34,0
DA:37,0
DA:40,0
DA:50,0
DA:53,0
DA:54,0
DA:57,0
DA:61,0
DA:62,0
DA:64,0
DA:65,0
DA:68,0
DA:69,0
DA:70,0
DA:74,0
DA:81,0
DA:82,0
DA:93,0
DA:94,0
DA:95,0
DA:96,0
DA:97,0
DA:100,0
DA:110,0
DA:112,0
DA:113,0
DA:114,0
DA:115,0
DA:118,0
DA:123,0
DA:124,0
DA:125,0
DA:126,0
DA:129,0
DA:130,0
DA:139,0
DA:141,0
DA:142,0
DA:144,0
DA:145,0
DA:151,0
DA:152,0
DA:153,0
DA:157,0
DA:167,0
LF:47
LH:0
BRDA:41,0,0,0
BRDA:41,0,1,0
BRDA:42,1,0,0
BRDA:42,1,1,0
BRDA:43,2,0,0
BRDA:43,2,1,0
BRDA:44,3,0,0
BRDA:44,3,1,0
BRDA:45,4,0,0
BRDA:45,4,1,0
BRDA:47,5,0,0
BRDA:47,5,1,0
BRDA:53,6,0,0
BRDA:53,6,1,0
BRDA:64,7,0,0
BRDA:64,7,1,0
BRDA:68,8,0,0
BRDA:68,8,1,0
BRDA:81,9,0,0
BRDA:81,9,1,0
BRDA:112,10,0,0
BRDA:112,10,1,0
BRDA:113,11,0,0
BRDA:113,11,1,0
BRDA:118,12,0,0
BRDA:118,12,1,0
BRDA:124,13,0,0
BRDA:124,13,1,0
BRDA:151,14,0,0
BRDA:151,14,1,0
BRF:30
BRH:0
end_of_record
TN:
SF:app/api/chat/route.ts
FN:8,POST
FN:40,(anonymous_1)
FN:84,(anonymous_2)
FNF:3
FNH:0
FNDA:0,POST
FNDA:0,(anonymous_1)
FNDA:0,(anonymous_2)
DA:5,0
DA:6,0
DA:9,0
DA:10,0
DA:13,0
DA:14,0
DA:16,0
DA:18,0
DA:19,0
DA:21,0
DA:22,0
DA:26,0
DA:28,0
DA:29,0
DA:33,0
DA:39,0
DA:41,0
DA:77,0
DA:81,0
DA:82,0
DA:83,0
DA:84,0
DA:86,0
DA:87,0
DA:91,0
LF:25
LH:0
BRDA:18,0,0,0
BRDA:18,0,1,0
BRDA:19,1,0,0
BRDA:19,1,1,0
BRDA:21,2,0,0
BRDA:21,2,1,0
BRDA:26,3,0,0
BRDA:26,3,1,0
BRDA:81,4,0,0
BRDA:81,4,1,0
BRF:10
BRH:0
end_of_record
TN:
SF:app/api/dashboard/projects/route.ts
FN:7,GET
FNF:1
FNH:0
FNDA:0,GET
DA:8,0
DA:10,0
DA:88,0
DA:90,0
LF:4
LH:0
BRF:0
BRH:0
end_of_record
TN:
SF:app/api/dashboard/stats/route.ts
FN:7,GET
FN:38,(anonymous_1)
FN:39,(anonymous_2)
FN:41,(anonymous_3)
FN:45,(anonymous_4)
FN:52,(anonymous_5)
FN:60,(anonymous_6)
FNF:7
FNH:0
FNDA:0,GET
FNDA:0,(anonymous_1)
FNDA:0,(anonymous_2)
FNDA:0,(anonymous_3)
FNDA:0,(anonymous_4)
FNDA:0,(anonymous_5)
FNDA:0,(anonymous_6)
DA:8,0
DA:11,0
DA:38,0
DA:39,0
DA:40,0
DA:41,0
DA:44,0
DA:46,0
DA:47,0
DA:52,0
DA:54,0
DA:60,0
DA:70,0
LF:13
LH:0
BRDA:46,0,0,0
BRDA:46,0,1,0
BRDA:52,1,0,0
BRDA:52,1,1,0
BRDA:66,2,0,0
BRDA:66,2,1,0
BRDA:66,3,0,0
BRDA:66,3,1,0
BRF:8
BRH:0
end_of_record
TN:
SF:app/api/providers/validate/route.ts
FN:23,POST
FN:57,validateGitHubModels
FN:121,validateOpenAI
FNF:3
FNH:0
FNDA:0,POST
FNDA:0,validateGitHubModels
FNDA:0,validateOpenAI
DA:24,0
DA:25,0
DA:26,0
DA:28,0
DA:29,0
DA:37,0
DA:38,0
DA:39,0
DA:40,0
DA:42,0
DA:48,0
DA:50,0
DA:59,0
DA:61,0
DA:62,0
DA:72,0
DA:75,0
DA:85,0
DA:86,0
DA:93,0
DA:95,0
DA:113,0
DA:123,0
DA:125,0
DA:126,0
DA:133,0
DA:135,0
DA:141,0
DA:142,0
DA:149,0
DA:151,0
DA:161,0
LF:32
LH:0
BRDA:28,0,0,0
BRDA:28,0,1,0
BRDA:37,1,0,0
BRDA:37,1,1,0
BRDA:39,2,0,0
BRDA:39,2,1,0
BRDA:59,3,0,0
BRDA:59,3,1,0
BRDA:61,4,0,0
BRDA:61,4,1,0
BRDA:85,5,0,0
BRDA:85,5,1,0
BRDA:123,6,0,0
BRDA:123,6,1,0
BRDA:125,7,0,0
BRDA:125,7,1,0
BRDA:141,8,0,0
BRDA:141,8,1,0
BRF:18
BRH:0
end_of_record
TN:
SF:app/api/sora/generate/route.ts
FN:11,POST
FNF:1
FNH:0
FNDA:0,POST
DA:4,0
DA:12,0
DA:13,0
DA:14,0
DA:19,0
DA:20,0
DA:26,0
DA:27,0
DA:34,0
DA:43,0
DA:45,0
DA:52,0
LF:12
LH:0
BRDA:19,0,0,0
BRDA:19,0,1,0
BRDA:19,1,0,0
BRDA:19,1,1,0
BRDA:26,2,0,0
BRDA:26,2,1,0
BRDA:36,3,0,0
BRDA:36,3,1,0
BRF:8
BRH:0
end_of_record
TN:
SF:app/api/sora/jobs/route.ts
FN:7,GET
FNF:1
FNH:0
FNDA:0,GET
DA:8,0
DA:10,0
DA:62,0
DA:64,0
LF:4
LH:0
BRF:0
BRH:0
end_of_record
TN:
SF:app/api/sora/status/route.ts
FN:11,GET
FNF:1
FNH:0
FNDA:0,GET
DA:4,0
DA:5,0
DA:12,0
DA:13,0
DA:15,0
DA:16,0
DA:22,0
DA:23,0
DA:25,0
DA:26,0
DA:32,0
DA:43,0
LF:12
LH:0
BRDA:15,0,0,0
BRDA:15,0,1,0
BRDA:25,1,0,0
BRDA:25,1,1,0
BRF:4
BRH:0
end_of_record
TN:
SF:app/api/usage/route.ts
FN:29,POST
FN:61,GET
FN:73,(anonymous_2)
FN:77,(anonymous_3)
FN:82,getModelStats
FN:113,DELETE
FNF:6
FNH:0
FNDA:0,POST
FNDA:0,GET
FNDA:0,(anonymous_2)
FNDA:0,(anonymous_3)
FNDA:0,getModelStats
FNDA:0,DELETE
DA:3,0
DA:4,0
DA:22,0
DA:24,0
DA:30,0
DA:31,0
DA:33,0
DA:34,0
DA:41,0
DA:48,0
DA:49,0
DA:52,0
DA:54,0
DA:62,0
DA:63,0
DA:66,0
DA:67,0
DA:68,0
DA:72,0
DA:73,0
DA:75,0
DA:77,0
DA:83,0
DA:84,0
DA:87,0
DA:88,0
DA:90,0
DA:91,0
DA:92,0
DA:93,0
DA:94,0
DA:99,0
DA:100,0
DA:102,0
DA:114,0
DA:115,0
LF:36
LH:0
BRDA:33,0,0,0
BRDA:33,0,1,0
BRDA:33,1,0,0
BRDA:33,1,1,0
BRDA:48,2,0,0
BRDA:48,2,1,0
BRDA:66,3,0,0
BRDA:66,3,1,0
BRDA:83,4,0,0
BRDA:83,4,1,0
BRDA:91,5,0,0
BRDA:91,5,1,0
BRDA:93,6,0,0
BRDA:93,6,1,0
BRF:14
BRH:0
end_of_record
TN:
SF:app/components/AgentFirstShowcase.tsx
FN:5,AgentFirstShowcase
FN:80,(anonymous_1)
FN:123,(anonymous_2)
FN:126,(anonymous_3)
FN:157,(anonymous_4)
FN:189,(anonymous_5)
FN:223,(anonymous_6)
FNF:7
FNH:0
FNDA:0,AgentFirstShowcase
FNDA:0,(anonymous_1)
FNDA:0,(anonymous_2)
FNDA:0,(anonymous_3)
FNDA:0,(anonymous_4)
FNDA:0,(anonymous_5)
FNDA:0,(anonymous_6)
DA:6,0
DA:8,0
DA:53,0
DA:80,0
DA:82,0
DA:124,0
DA:126,0
DA:158,0
DA:190,0
DA:224,0
LF:10
LH:0
BRDA:80,0,0,0
BRDA:80,0,1,0
BRDA:128,1,0,0
BRDA:128,1,1,0
BRDA:132,2,0,0
BRDA:132,2,1,0
BRF:6
BRH:0
end_of_record
TN:
SF:app/components/AuroraField.tsx
FN:5,AuroraField
FN:11,(anonymous_1)
FN:12,(anonymous_2)
FN:15,(anonymous_3)
FNF:4
FNH:0
FNDA:0,AuroraField
FNDA:0,(anonymous_1)
FNDA:0,(anonymous_2)
FNDA:0,(anonymous_3)
DA:6,0
DA:7,0
DA:8,0
DA:9,0
DA:11,0
DA:12,0
DA:13,0
DA:14,0
DA:15,0
DA:18,0
LF:10
LH:0
BRF:0
BRH:0
end_of_record
TN:
SF:app/components/CampaignOrchestrationDemo.tsx
FN:6,CampaignOrchestrationDemo
FN:131,(anonymous_1)
FN:134,(anonymous_2)
FN:197,(anonymous_3)
FNF:4
FNH:0
FNDA:0,CampaignOrchestrationDemo
FNDA:0,(anonymous_1)
FNDA:0,(anonymous_2)
FNDA:0,(anonymous_3)
DA:7,0
DA:9,0
DA:89,0
DA:97,0
DA:132,0
DA:134,0
DA:198,0
LF:7
LH:0
BRDA:136,0,0,0
BRDA:136,0,1,0
BRDA:139,1,0,0
BRDA:139,1,1,0
BRDA:140,2,0,0
BRDA:140,2,1,0
BRDA:213,3,0,0
BRDA:213,3,1,0
BRF:8
BRH:0
end_of_record
TN:
SF:app/components/CommandPalette.tsx
FN:7,CommandPalette
FN:12,(anonymous_1)
FN:13,(anonymous_2)
FN:14,(anonymous_3)
FN:15,(anonymous_4)
FN:16,(anonymous_5)
FN:19,(anonymous_6)
FN:21,(anonymous_7)
FN:28,(anonymous_8)
FN:35,(anonymous_9)
FN:44,(anonymous_10)
FNF:11
FNH:8
FNDA:10,CommandPalette
FNDA:10,(anonymous_1)
FNDA:1,(anonymous_2)
FNDA:0,(anonymous_3)
FNDA:0,(anonymous_4)
FNDA:0,(anonymous_5)
FNDA:10,(anonymous_6)
FNDA:1,(anonymous_7)
FNDA:10,(anonymous_8)
FNDA:2,(anonymous_9)
FNDA:36,(anonymous_10)
DA:12,10
DA:13,1
DA:14,0
DA:15,0
DA:16,0
DA:19,10
DA:21,10
DA:22,1
DA:23,1
DA:27,10
DA:28,10
DA:31,10
DA:33,9
DA:35,2
DA:45,36
LF:15
LH:12
BRDA:22,0,0,1
BRDA:22,0,1,0
BRDA:22,1,0,1
BRDA:22,1,1,1
BRDA:31,2,0,1
BRDA:31,2,1,9
BRDA:48,3,0,36
BRDA:48,3,1,36
BRF:8
BRH:7
end_of_record
TN:
SF:app/components/ComprehensiveFeatureShowcase.tsx
FN:161,ComprehensiveFeatureShowcase
FN:167,(anonymous_1)
FN:197,(anonymous_2)
FN:200,(anonymous_3)
FN:215,(anonymous_4)
FN:223,(anonymous_5)
FN:224,(anonymous_6)
FNF:7
FNH:0
FNDA:0,ComprehensiveFeatureShowcase
FNDA:0,(anonymous_1)
FNDA:0,(anonymous_2)
FNDA:0,(anonymous_3)
FNDA:0,(anonymous_4)
FNDA:0,(anonymous_5)
FNDA:0,(anonymous_6)
DA:31,0
DA:147,0
DA:154,0
DA:162,0
DA:163,0
DA:165,0
DA:167,0
DA:169,0
DA:171,0
DA:198,0
DA:200,0
DA:216,0
DA:223,0
DA:224,0
LF:14
LH:0
BRDA:165,0,0,0
BRDA:165,0,1,0
BRDA:202,1,0,0
BRDA:202,1,1,0
BRDA:207,2,0,0
BRDA:207,2,1,0
BRDA:226,3,0,0
BRDA:226,3,1,0
BRDA:229,4,0,0
BRDA:229,4,1,0
BRDA:232,5,0,0
BRDA:232,5,1,0
BRDA:240,6,0,0
BRDA:240,6,1,0
BRDA:241,7,0,0
BRDA:241,7,1,0
BRDA:244,8,0,0
BRDA:244,8,1,0
BRDA:245,9,0,0
BRDA:245,9,1,0
BRDA:250,10,0,0
BRDA:250,10,1,0
BRF:22
BRH:0
end_of_record
TN:
SF:app/components/FeatureRail.tsx
FN:10,FeatureRail
FN:22,(anonymous_1)
FNF:2
FNH:2
FNDA:6,FeatureRail
FNDA:24,(anonymous_1)
DA:3,1
DA:11,6
DA:23,24
LF:3
LH:3
BRDA:28,0,0,24
BRDA:28,0,1,0
BRF:2
BRH:1
end_of_record
TN:
SF:app/components/FooterMinimal.tsx
FN:1,FooterMinimal
FNF:1
FNH:0
FNDA:0,FooterMinimal
DA:2,0
LF:1
LH:0
BRF:0
BRH:0
end_of_record
TN:
SF:app/components/HeroAurora.tsx
FN:3,HeroAurora2
FN:63,(anonymous_1)
FNF:2
FNH:0
FNDA:0,HeroAurora2
FNDA:0,(anonymous_1)
DA:3,0
DA:4,0
DA:64,0
LF:3
LH:0
BRF:0
BRH:0
end_of_record
TN:
SF:app/components/HotkeysOverlay.tsx
FN:5,HotkeysOverlay
FN:8,(anonymous_1)
FN:9,(anonymous_2)
FN:10,(anonymous_3)
FN:17,(anonymous_4)
FN:30,(anonymous_5)
FN:51,(anonymous_6)
FN:53,(anonymous_7)
FN:61,(anonymous_8)
FNF:9
FNH:0
FNDA:0,HotkeysOverlay
FNDA:0,(anonymous_1)
FNDA:0,(anonymous_2)
FNDA:0,(anonymous_3)
FNDA:0,(anonymous_4)
FNDA:0,(anonymous_5)
FNDA:0,(anonymous_6)
FNDA:0,(anonymous_7)
FNDA:0,(anonymous_8)
DA:6,0
DA:8,0
DA:9,0
DA:10,0
DA:11,0
DA:13,0
DA:14,0
DA:15,0
DA:16,0
DA:17,0
DA:18,0
DA:19,0
DA:23,0
DA:24,0
DA:25,0
DA:26,0
DA:29,0
DA:30,0
DA:33,0
DA:51,0
DA:53,0
DA:61,0
LF:22
LH:0
BRDA:10,0,0,0
BRDA:10,0,1,0
BRDA:11,1,0,0
BRDA:11,1,1,0
BRDA:14,2,0,0
BRDA:14,2,1,0
BRDA:23,3,0,0
BRDA:23,3,1,0
BRDA:45,4,0,0
BRDA:45,4,1,0
BRF:10
BRH:0
end_of_record
TN:
SF:app/components/MobileCreateDock.tsx
FN:3,MobileCreateDock
FN:7,(anonymous_1)
FN:8,(anonymous_2)
FN:9,(anonymous_3)
FNF:4
FNH:1
FNDA:5,MobileCreateDock
FNDA:0,(anonymous_1)
FNDA:0,(anonymous_2)
FNDA:0,(anonymous_3)
DA:4,5
DA:7,0
DA:8,0
DA:9,0
LF:4
LH:1
BRF:0
BRH:0
end_of_record
TN:
SF:app/components/PersonaPreview.tsx
FN:9,PersonaPreview
FN:26,(anonymous_1)
FN:50,(anonymous_2)
FNF:3
FNH:0
FNDA:0,PersonaPreview
FNDA:0,(anonymous_1)
FNDA:0,(anonymous_2)
DA:3,0
DA:10,0
DA:27,0
DA:51,0
LF:4
LH:0
BRF:0
BRH:0
end_of_record
TN:
SF:app/components/Pricing.tsx
FN:9,Pricing
FN:19,(anonymous_1)
FN:34,(anonymous_2)
FNF:3
FNH:0
FNDA:0,Pricing
FNDA:0,(anonymous_1)
FNDA:0,(anonymous_2)
DA:3,0
DA:10,0
DA:20,0
DA:35,0
LF:4
LH:0
BRDA:24,0,0,0
BRDA:24,0,1,0
BRDA:27,1,0,0
BRDA:27,1,1,0
BRDA:40,2,0,0
BRDA:40,2,1,0
BRF:6
BRH:0
end_of_record
TN:
SF:app/components/PromptCard.tsx
FN:5,PromptCard
FN:16,(anonymous_1)
FN:24,(anonymous_2)
FN:98,(anonymous_3)
FN:105,(anonymous_4)
FN:124,(anonymous_5)
FN:144,(anonymous_6)
FN:159,(anonymous_7)
FN:171,(anonymous_8)
FNF:9
FNH:5
FNDA:149,PromptCard
FNDA:5,(anonymous_1)
FNDA:6,(anonymous_2)
FNDA:10,(anonymous_3)
FNDA:0,(anonymous_4)
FNDA:0,(anonymous_5)
FNDA:0,(anonymous_6)
FNDA:0,(anonymous_7)
FNDA:121,(anonymous_8)
DA:6,149
DA:7,149
DA:8,149
DA:9,149
DA:10,149
DA:11,149
DA:12,149
DA:13,149
DA:14,149
DA:16,149
DA:17,5
DA:18,0
DA:20,5
DA:21,5
DA:24,149
DA:26,6
DA:27,6
DA:28,6
DA:29,6
DA:30,6
DA:31,6
DA:32,6
DA:33,6
DA:35,6
DA:36,6
DA:37,1
DA:42,1
DA:43,1
DA:44,1
DA:47,1
DA:55,1
DA:59,5
DA:60,5
DA:61,5
DA:67,4
DA:68,0
DA:71,4
DA:72,4
DA:73,4
DA:74,4
DA:75,14
DA:76,14
DA:77,14
DA:78,13
DA:81,13
DA:82,33
DA:83,33
DA:84,13
DA:86,13
DA:89,13
DA:90,3
DA:91,3
DA:94,10
DA:95,4
DA:97,10
DA:98,10
DA:101,0
DA:102,0
DA:104,0
DA:105,0
DA:111,4
DA:121,1
DA:122,1
DA:123,0
DA:124,0
DA:126,1
DA:130,1
DA:139,6
DA:140,6
DA:144,149
DA:145,0
DA:148,149
DA:159,0
DA:171,121
LF:74
LH:64
BRDA:17,0,0,0
BRDA:17,0,1,5
BRDA:36,1,0,1
BRDA:36,1,1,5
BRDA:42,2,0,0
BRDA:42,2,1,1
BRDA:44,3,0,1
BRDA:44,3,1,0
BRDA:51,4,0,1
BRDA:51,4,1,0
BRDA:67,5,0,0
BRDA:67,5,1,4
BRDA:67,6,0,4
BRDA:67,6,1,4
BRDA:76,7,0,14
BRDA:76,7,1,0
BRDA:77,8,0,1
BRDA:77,8,1,13
BRDA:83,9,0,20
BRDA:83,9,1,13
BRDA:84,10,0,13
BRDA:84,10,1,0
BRDA:86,11,0,13
BRDA:86,11,1,0
BRDA:89,12,0,3
BRDA:89,12,1,10
BRDA:94,13,0,4
BRDA:94,13,1,6
BRDA:101,14,0,0
BRDA:101,14,1,0
BRDA:122,15,0,0
BRDA:122,15,1,1
BRDA:124,16,0,0
BRDA:124,16,1,0
BRDA:136,17,0,0
BRDA:136,17,1,1
BRDA:182,18,0,16
BRDA:182,18,1,133
BRDA:182,19,0,15
BRDA:182,19,1,1
BRDA:190,20,0,15
BRDA:190,20,1,134
BRF:42
BRH:28
end_of_record
TN:
SF:app/components/ReduceMotionToggle.tsx
FN:5,ReduceMotionToggle
FN:8,(anonymous_1)
FN:17,(anonymous_2)
FN:25,(anonymous_3)
FN:25,(anonymous_4)
FNF:5
FNH:0
FNDA:0,ReduceMotionToggle
FNDA:0,(anonymous_1)
FNDA:0,(anonymous_2)
FNDA:0,(anonymous_3)
FNDA:0,(anonymous_4)
DA:6,0
DA:8,0
DA:10,0
DA:11,0
DA:12,0
DA:13,0
DA:14,0
DA:17,0
DA:18,0
DA:19,0
DA:22,0
DA:25,0
LF:12
LH:0
BRDA:12,0,0,0
BRDA:12,0,1,0
BRDA:14,1,0,0
BRDA:14,1,1,0
BRDA:18,2,0,0
BRDA:18,2,1,0
BRDA:19,3,0,0
BRDA:19,3,1,0
BRDA:30,4,0,0
BRDA:30,4,1,0
BRF:10
BRH:0
end_of_record
TN:
SF:app/components/ShareButton.tsx
FN:3,ShareButton
FN:4,share
FN:24,toast
FN:30,(anonymous_3)
FNF:4
FNH:3
FNDA:8,ShareButton
FNDA:3,share
FNDA:3,toast
FNDA:0,(anonymous_3)
DA:5,3
DA:6,3
DA:7,3
DA:9,3
DA:10,3
DA:11,3
DA:12,2
DA:13,2
DA:16,1
DA:17,1
DA:18,1
DA:20,0
DA:25,3
DA:26,3
DA:27,0
DA:28,0
DA:29,0
DA:30,0
DA:31,0
DA:32,0
DA:33,0
DA:37,8
LF:22
LH:14
BRDA:9,0,0,3
BRDA:9,0,1,0
BRDA:26,1,0,3
BRDA:26,1,1,0
BRF:4
BRH:2
end_of_record
TN:
SF:app/components/SocialProofStrip.tsx
FN:1,SocialProofStrip
FN:8,(anonymous_1)
FNF:2
FNH:0
FNDA:0,SocialProofStrip
FNDA:0,(anonymous_1)
DA:2,0
DA:3,0
DA:9,0
LF:3
LH:0
BRF:0
BRH:0
end_of_record
TN:
SF:app/components/StickyExportBar.tsx
FN:5,StickyExportBar
FN:13,(anonymous_1)
FNF:2
FNH:0
FNDA:0,StickyExportBar
FNDA:0,(anonymous_1)
DA:3,0
DA:6,0
DA:14,0
LF:3
LH:0
BRF:0
BRH:0
end_of_record
TN:
SF:app/components/TestimonialStripe.tsx
FN:1,TestimonialStripe
FNF:1
FNH:0
FNDA:0,TestimonialStripe
DA:2,0
LF:1
LH:0
BRF:0
BRH:0
end_of_record
TN:
SF:app/components/TopBar.tsx
FN:6,TopBar
FN:13,(anonymous_1)
FN:20,(anonymous_2)
FN:41,(anonymous_3)
FN:42,(anonymous_4)
FNF:5
FNH:5
FNDA:15,TopBar
FNDA:12,(anonymous_1)
FNDA:1,(anonymous_2)
FNDA:1,(anonymous_3)
FNDA:11,(anonymous_4)
DA:11,15
DA:13,15
DA:15,12
DA:16,12
DA:17,12
DA:20,15
DA:21,1
DA:22,1
DA:23,1
DA:26,15
DA:41,1
DA:42,11
LF:12
LH:12
BRDA:21,0,0,1
BRDA:21,0,1,0
BRDA:42,1,0,1
BRDA:42,1,1,10
BRDA:63,2,0,12
BRDA:63,2,1,3
BRF:6
BRH:5
end_of_record
TN:
SF:app/components/UsageBadge.tsx
FN:14,UsageBadge
FN:18,(anonymous_1)
FN:19,(anonymous_2)
FN:36,(anonymous_3)
FN:43,(anonymous_4)
FN:50,(anonymous_5)
FNF:6
FNH:0
FNDA:0,UsageBadge
FNDA:0,(anonymous_1)
FNDA:0,(anonymous_2)
FNDA:0,(anonymous_3)
FNDA:0,(anonymous_4)
FNDA:0,(anonymous_5)
DA:15,0
DA:16,0
DA:18,0
DA:19,0
DA:20,0
DA:21,0
DA:22,0
DA:23,0
DA:24,0
DA:27,0
DA:29,0
DA:33,0
DA:35,0
DA:36,0
DA:39,0
DA:40,0
DA:43,0
DA:44,0
DA:45,0
DA:46,0
DA:47,0
DA:50,0
DA:51,0
DA:52,0
DA:53,0
DA:56,0
LF:26
LH:0
BRDA:22,0,0,0
BRDA:22,0,1,0
BRDA:39,1,0,0
BRDA:39,1,1,0
BRDA:39,2,0,0
BRDA:39,2,1,0
BRDA:44,3,0,0
BRDA:44,3,1,0
BRDA:45,4,0,0
BRDA:45,4,1,0
BRDA:46,5,0,0
BRDA:46,5,1,0
BRDA:51,6,0,0
BRDA:51,6,1,0
BRDA:52,7,0,0
BRDA:52,7,1,0
BRF:16
BRH:0
end_of_record
TN:
SF:app/dashboard/layout.tsx
FN:7,DashboardLayout
FN:25,(anonymous_1)
FN:45,(anonymous_2)
FNF:3
FNH:0
FNDA:0,DashboardLayout
FNDA:0,(anonymous_1)
FNDA:0,(anonymous_2)
DA:12,0
DA:14,0
DA:25,0
DA:26,0
DA:27,0
DA:29,0
DA:32,0
DA:46,0
LF:8
LH:0
BRDA:26,0,0,0
BRDA:26,0,1,0
BRDA:50,1,0,0
BRDA:50,1,1,0
BRDA:56,2,0,0
BRDA:56,2,1,0
BRF:6
BRH:0
end_of_record
TN:
SF:app/dashboard/page.tsx
FN:22,DashboardOverview
FN:27,(anonymous_1)
FN:28,(anonymous_2)
FN:112,(anonymous_3)
FN:119,(anonymous_4)
FN:164,(anonymous_5)
FN:210,MetricCard
FNF:7
FNH:0
FNDA:0,DashboardOverview
FNDA:0,(anonymous_1)
FNDA:0,(anonymous_2)
FNDA:0,(anonymous_3)
FNDA:0,(anonymous_4)
FNDA:0,(anonymous_5)
FNDA:0,MetricCard
DA:23,0
DA:24,0
DA:25,0
DA:27,0
DA:28,0
DA:29,0
DA:30,0
DA:31,0
DA:32,0
DA:33,0
DA:36,0
DA:38,0
DA:42,0
DA:45,0
DA:46,0
DA:55,0
DA:112,0
DA:119,0
DA:165,0
DA:211,0
LF:20
LH:0
BRDA:31,0,0,0
BRDA:31,0,1,0
BRDA:45,1,0,0
BRDA:45,1,1,0
BRDA:61,2,0,0
BRDA:61,2,1,0
BRDA:67,3,0,0
BRDA:67,3,1,0
BRDA:73,4,0,0
BRDA:73,4,1,0
BRDA:79,5,0,0
BRDA:79,5,1,0
BRDA:95,6,0,0
BRDA:95,6,1,0
BRDA:163,7,0,0
BRDA:163,7,1,0
BRDA:163,8,0,0
BRDA:163,8,1,0
BRDA:181,9,0,0
BRDA:181,9,1,0
BRDA:183,10,0,0
BRDA:183,10,1,0
BRF:22
BRH:0
end_of_record
TN:
SF:app/dashboard/agent-performance/page.tsx
FN:28,AgentPerformancePage
FN:35,(anonymous_1)
FN:36,(anonymous_2)
FN:92,(anonymous_3)
FN:95,(anonymous_4)
FN:116,(anonymous_5)
FN:132,(anonymous_6)
FN:135,(anonymous_7)
FN:152,(anonymous_8)
FN:155,(anonymous_9)
FN:349,(anonymous_10)
FN:387,MetricBox
FNF:12
FNH:0
FNDA:0,AgentPerformancePage
FNDA:0,(anonymous_1)
FNDA:0,(anonymous_2)
FNDA:0,(anonymous_3)
FNDA:0,(anonymous_4)
FNDA:0,(anonymous_5)
FNDA:0,(anonymous_6)
FNDA:0,(anonymous_7)
FNDA:0,(anonymous_8)
FNDA:0,(anonymous_9)
FNDA:0,(anonymous_10)
FNDA:0,MetricBox
DA:29,0
DA:30,0
DA:31,0
DA:32,0
DA:33,0
DA:35,0
DA:36,0
DA:37,0
DA:39,0
DA:78,0
DA:79,0
DA:80,0
DA:83,0
DA:85,0
DA:89,0
DA:92,0
DA:93,0
DA:95,0
DA:105,0
DA:108,0
DA:109,0
DA:116,0
DA:118,0
DA:133,0
DA:135,0
DA:153,0
DA:155,0
DA:350,0
DA:398,0
LF:29
LH:0
BRDA:79,0,0,0
BRDA:79,0,1,0
BRDA:93,1,0,0
BRDA:93,1,1,0
BRDA:98,2,0,0
BRDA:98,2,1,0
BRDA:108,3,0,0
BRDA:108,3,1,0
BRDA:137,4,0,0
BRDA:137,4,1,0
BRDA:140,5,0,0
BRDA:140,5,1,0
BRDA:157,6,0,0
BRDA:157,6,1,0
BRDA:161,7,0,0
BRDA:161,7,1,0
BRDA:175,8,0,0
BRDA:175,8,1,0
BRDA:177,9,0,0
BRDA:177,9,1,0
BRDA:182,10,0,0
BRDA:182,10,1,0
BRDA:182,11,0,0
BRDA:182,11,1,0
BRDA:210,12,0,0
BRDA:210,12,1,0
BRDA:357,13,0,0
BRDA:357,13,1,0
BRDA:362,14,0,0
BRDA:362,14,1,0
BRDA:375,15,0,0
BRDA:375,15,1,0
BRDA:409,16,0,0
BRDA:409,16,1,0
BRF:34
BRH:0
end_of_record
TN:
SF:app/dashboard/analytics/page.tsx
FN:29,AnalyticsPage
FN:34,(anonymous_1)
FN:35,(anonymous_2)
FN:70,(anonymous_3)
FN:73,(anonymous_4)
FN:132,(anonymous_5)
FN:189,(anonymous_6)
FN:276,AnalyticsMetric
FN:304,LatencyDistributionChart2
FN:311,(anonymous_9)
FN:311,(anonymous_10)
FN:317,(anonymous_11)
FNF:12
FNH:0
FNDA:0,AnalyticsPage
FNDA:0,(anonymous_1)
FNDA:0,(anonymous_2)
FNDA:0,(anonymous_3)
FNDA:0,(anonymous_4)
FNDA:0,(anonymous_5)
FNDA:0,(anonymous_6)
FNDA:0,AnalyticsMetric
FNDA:0,LatencyDistributionChart2
FNDA:0,(anonymous_9)
FNDA:0,(anonymous_10)
FNDA:0,(anonymous_11)
DA:30,0
DA:31,0
DA:32,0
DA:34,0
DA:35,0
DA:36,0
DA:37,0
DA:38,0
DA:39,0
DA:40,0
DA:43,0
DA:45,0
DA:49,0
DA:52,0
DA:53,0
DA:62,0
DA:71,0
DA:73,0
DA:133,0
DA:190,0
DA:277,0
DA:279,0
DA:304,0
DA:310,0
DA:311,0
DA:315,0
DA:318,0
LF:27
LH:0
BRDA:38,0,0,0
BRDA:38,0,1,0
BRDA:52,1,0,0
BRDA:52,1,1,0
BRDA:75,2,0,0
BRDA:75,2,1,0
BRDA:78,3,0,0
BRDA:78,3,1,0
BRDA:93,4,0,0
BRDA:93,4,1,0
BRDA:100,5,0,0
BRDA:100,5,1,0
BRDA:107,6,0,0
BRDA:107,6,1,0
BRDA:114,7,0,0
BRDA:114,7,1,0
BRDA:131,8,0,0
BRDA:131,8,1,0
BRDA:131,9,0,0
BRDA:131,9,1,0
BRDA:168,10,0,0
BRDA:168,10,1,0
BRDA:168,11,0,0
BRDA:168,11,1,0
BRDA:187,12,0,0
BRDA:187,12,1,0
BRDA:187,13,0,0
BRDA:187,13,1,0
BRDA:277,14,0,0
BRDA:277,14,1,0
BRDA:277,14,2,0
BRDA:277,14,3,0
BRDA:293,15,0,0
BRDA:293,15,1,0
BRDA:294,16,0,0
BRDA:294,16,1,0
BRF:36
BRH:0
end_of_record
TN:
SF:app/dashboard/generations/page.tsx
FN:18,GenerationsPage
FN:28,(anonymous_1)
FN:32,(anonymous_2)
FN:40,(anonymous_3)
FN:64,(anonymous_4)
FN:69,(anonymous_5)
FN:97,(anonymous_6)
FN:124,(anonymous_7)
FN:150,(anonymous_8)
FN:184,(anonymous_9)
FN:187,(anonymous_10)
FN:200,(anonymous_11)
FN:208,(anonymous_12)
FN:230,GenerationJobCard
FNF:14
FNH:0
FNDA:0,GenerationsPage
FNDA:0,(anonymous_1)
FNDA:0,(anonymous_2)
FNDA:0,(anonymous_3)
FNDA:0,(anonymous_4)
FNDA:0,(anonymous_5)
FNDA:0,(anonymous_6)
FNDA:0,(anonymous_7)
FNDA:0,(anonymous_8)
FNDA:0,(anonymous_9)
FNDA:0,(anonymous_10)
FNDA:0,(anonymous_11)
FNDA:0,(anonymous_12)
FNDA:0,GenerationJobCard
DA:19,0
DA:20,0
DA:21,0
DA:22,0
DA:23,0
DA:26,0
DA:28,0
DA:29,0
DA:32,0
DA:33,0
DA:34,0
DA:35,0
DA:36,0
DA:37,0
DA:40,0
DA:41,0
DA:44,0
DA:45,0
DA:48,0
DA:52,0
DA:54,0
DA:56,0
DA:58,0
DA:62,0
DA:64,0
DA:65,0
DA:69,0
DA:70,0
DA:71,0
DA:73,0
DA:74,0
DA:75,0
DA:84,0
DA:85,0
DA:86,0
DA:87,0
DA:90,0
DA:92,0
DA:97,0
DA:99,0
DA:124,0
DA:151,0
DA:185,0
DA:187,0
DA:200,0
DA:209,0
DA:231,0
DA:238,0
DA:239,0
DA:245,0
LF:50
LH:0
BRDA:35,0,0,0
BRDA:35,0,1,0
BRDA:41,1,0,0
BRDA:41,1,1,0
BRDA:44,2,0,0
BRDA:44,2,1,0
BRDA:65,3,0,0
BRDA:65,3,1,0
BRDA:71,4,0,0
BRDA:71,4,1,0
BRDA:84,5,0,0
BRDA:84,5,1,0
BRDA:97,6,0,0
BRDA:97,6,1,0
BRDA:168,7,0,0
BRDA:168,7,1,0
BRDA:175,8,0,0
BRDA:175,8,1,0
BRDA:189,9,0,0
BRDA:189,9,1,0
BRDA:192,10,0,0
BRDA:192,10,1,0
BRDA:197,11,0,0
BRDA:197,11,1,0
BRDA:200,12,0,0
BRDA:200,12,1,0
BRDA:206,13,0,0
BRDA:206,13,1,0
BRDA:219,14,0,0
BRDA:219,14,1,0
BRDA:239,15,0,0
BRDA:239,15,1,0
BRDA:241,16,0,0
BRDA:241,16,1,0
BRDA:277,17,0,0
BRDA:277,17,1,0
BRDA:291,18,0,0
BRDA:291,18,1,0
BRDA:291,18,2,0
BRDA:312,19,0,0
BRDA:312,19,1,0
BRDA:312,19,2,0
BRDA:325,20,0,0
BRDA:325,20,1,0
BRDA:328,21,0,0
BRDA:328,21,1,0
BRDA:330,22,0,0
BRDA:330,22,1,0
BRF:48
BRH:0
end_of_record
TN:
SF:app/dashboard/projects/page.tsx
FN:20,ProjectsPage
FN:25,(anonymous_1)
FN:26,(anonymous_2)
FN:46,(anonymous_3)
FN:48,(anonymous_4)
FN:69,(anonymous_5)
FN:84,(anonymous_6)
FN:99,(anonymous_7)
FN:119,(anonymous_8)
FN:151,ProjectCard
FN:158,(anonymous_10)
FN:194,(anonymous_11)
FNF:12
FNH:0
FNDA:0,ProjectsPage
FNDA:0,(anonymous_1)
FNDA:0,(anonymous_2)
FNDA:0,(anonymous_3)
FNDA:0,(anonymous_4)
FNDA:0,(anonymous_5)
FNDA:0,(anonymous_6)
FNDA:0,(anonymous_7)
FNDA:0,(anonymous_8)
FNDA:0,ProjectCard
FNDA:0,(anonymous_10)
FNDA:0,(anonymous_11)
DA:21,0
DA:22,0
DA:23,0
DA:25,0
DA:26,0
DA:27,0
DA:28,0
DA:29,0
DA:30,0
DA:31,0
DA:34,0
DA:36,0
DA:40,0
DA:44,0
DA:46,0
DA:48,0
DA:50,0
DA:51,0
DA:60,0
DA:69,0
DA:84,0
DA:99,0
DA:120,0
DA:152,0
DA:154,0
DA:158,0
DA:195,0
LF:27
LH:0
BRDA:29,0,0,0
BRDA:29,0,1,0
BRDA:44,1,0,0
BRDA:44,1,1,0
BRDA:50,2,0,0
BRDA:50,2,1,0
BRDA:71,3,0,0
BRDA:71,3,1,0
BRDA:76,4,0,0
BRDA:76,4,1,0
BRDA:86,5,0,0
BRDA:86,5,1,0
BRDA:91,6,0,0
BRDA:91,6,1,0
BRDA:101,7,0,0
BRDA:101,7,1,0
BRDA:106,8,0,0
BRDA:106,8,1,0
BRDA:117,9,0,0
BRDA:117,9,1,0
BRDA:165,10,0,0
BRDA:165,10,1,0
BRDA:165,11,0,0
BRDA:165,11,1,0
BRDA:176,12,0,0
BRDA:176,12,1,0
BRDA:178,13,0,0
BRDA:178,13,1,0
BRDA:192,14,0,0
BRDA:192,14,1,0
BRDA:203,15,0,0
BRDA:203,15,1,0
BRDA:218,16,0,0
BRDA:218,16,1,0
BRF:34
BRH:0
end_of_record
TN:
SF:app/dashboard/rituals/page.tsx
FN:32,RitualsPage
FN:37,(anonymous_1)
FN:117,(anonymous_2)
FN:120,(anonymous_3)
FN:170,(anonymous_4)
FN:202,(anonymous_5)
FN:262,(anonymous_6)
FN:309,(anonymous_7)
FN:363,(anonymous_8)
FN:477,(anonymous_9)
FN:522,(anonymous_10)
FN:546,StatBox
FNF:12
FNH:0
FNDA:0,RitualsPage
FNDA:0,(anonymous_1)
FNDA:0,(anonymous_2)
FNDA:0,(anonymous_3)
FNDA:0,(anonymous_4)
FNDA:0,(anonymous_5)
FNDA:0,(anonymous_6)
FNDA:0,(anonymous_7)
FNDA:0,(anonymous_8)
FNDA:0,(anonymous_9)
FNDA:0,(anonymous_10)
FNDA:0,StatBox
DA:33,0
DA:34,0
DA:35,0
DA:37,0
DA:38,0
DA:64,0
DA:65,0
DA:68,0
DA:69,0
DA:72,0
DA:103,0
DA:118,0
DA:120,0
DA:171,0
DA:203,0
DA:263,0
DA:310,0
DA:364,0
DA:478,0
DA:523,0
DA:557,0
LF:21
LH:0
BRDA:68,0,0,0
BRDA:68,0,1,0
BRDA:68,1,0,0
BRDA:68,1,1,0
BRDA:122,2,0,0
BRDA:122,2,1,0
BRDA:138,3,0,0
BRDA:138,3,1,0
BRDA:184,4,0,0
BRDA:184,4,1,0
BRDA:216,5,0,0
BRDA:216,5,1,0
BRDA:218,6,0,0
BRDA:218,6,1,0
BRDA:220,7,0,0
BRDA:220,7,1,0
BRDA:235,8,0,0
BRDA:235,8,1,0
BRDA:274,9,0,0
BRDA:274,9,1,0
BRDA:279,10,0,0
BRDA:279,10,1,0
BRDA:288,11,0,0
BRDA:288,11,1,0
BRDA:330,12,0,0
BRDA:330,12,1,0
BRDA:450,13,0,0
BRDA:450,13,1,0
BRDA:549,14,0,0
BRF:29
BRH:0
end_of_record
TN:
SF:app/dashboard/settings/page.tsx
FN:16,SettingsPage
FN:34,(anonymous_1)
FN:35,(anonymous_2)
FN:52,(anonymous_3)
FN:58,(anonymous_4)
FN:66,(anonymous_5)
FN:75,(anonymous_6)
FN:105,(anonymous_7)
FN:105,(anonymous_8)
FN:106,(anonymous_9)
FN:138,(anonymous_10)
FN:138,(anonymous_11)
FN:139,(anonymous_12)
FN:194,(anonymous_13)
FN:266,ProviderCard
FN:319,(anonymous_15)
FN:359,(anonymous_16)
FNF:17
FNH:0
FNDA:0,SettingsPage
FNDA:0,(anonymous_1)
FNDA:0,(anonymous_2)
FNDA:0,(anonymous_3)
FNDA:0,(anonymous_4)
FNDA:0,(anonymous_5)
FNDA:0,(anonymous_6)
FNDA:0,(anonymous_7)
FNDA:0,(anonymous_8)
FNDA:0,(anonymous_9)
FNDA:0,(anonymous_10)
FNDA:0,(anonymous_11)
FNDA:0,(anonymous_12)
FNDA:0,(anonymous_13)
FNDA:0,ProviderCard
FNDA:0,(anonymous_15)
FNDA:0,(anonymous_16)
DA:17,0
DA:22,0
DA:27,0
DA:34,0
DA:35,0
DA:40,0
DA:41,0
DA:50,0
DA:51,0
DA:52,0
DA:57,0
DA:58,0
DA:65,0
DA:66,0
DA:75,0
DA:82,0
DA:105,0
DA:106,0
DA:138,0
DA:139,0
DA:195,0
DA:280,0
DA:319,0
DA:360,0
LF:24
LH:0
BRDA:45,0,0,0
BRDA:45,0,1,0
BRDA:46,1,0,0
BRDA:46,1,1,0
BRDA:50,2,0,0
BRDA:50,2,1,0
BRDA:57,3,0,0
BRDA:57,3,1,0
BRDA:298,4,0,0
BRDA:298,4,1,0
BRDA:334,5,0,0
BRDA:334,5,1,0
BRDA:337,6,0,0
BRDA:337,6,1,0
BRDA:344,7,0,0
BRDA:344,7,1,0
BRDA:347,8,0,0
BRDA:347,8,1,0
BRDA:349,9,0,0
BRDA:349,9,1,0
BRDA:369,10,0,0
BRDA:369,10,1,0
BRDA:376,11,0,0
BRDA:376,11,1,0
BRF:24
BRH:0
end_of_record
TN:
SF:app/dashboard/templates/page.tsx
FN:101,TemplatesPage
FN:107,(anonymous_1)
FN:112,(anonymous_2)
FN:117,(anonymous_3)
FN:144,(anonymous_4)
FN:156,(anonymous_5)
FN:159,(anonymous_6)
FN:180,(anonymous_7)
FN:202,TemplateCard
FN:205,(anonymous_9)
FN:209,(anonymous_10)
FN:269,(anonymous_11)
FNF:12
FNH:0
FNDA:0,TemplatesPage
FNDA:0,(anonymous_1)
FNDA:0,(anonymous_2)
FNDA:0,(anonymous_3)
FNDA:0,(anonymous_4)
FNDA:0,(anonymous_5)
FNDA:0,(anonymous_6)
FNDA:0,(anonymous_7)
FNDA:0,TemplateCard
FNDA:0,(anonymous_9)
FNDA:0,(anonymous_10)
FNDA:0,(anonymous_11)
DA:19,0
DA:28,0
DA:102,0
DA:103,0
DA:104,0
DA:105,0
DA:107,0
DA:112,0
DA:113,0
DA:115,0
DA:118,0
DA:120,0
DA:123,0
DA:144,0
DA:157,0
DA:159,0
DA:181,0
DA:203,0
DA:205,0
DA:206,0
DA:207,0
DA:208,0
DA:209,0
DA:212,0
DA:270,0
LF:25
LH:0
BRDA:113,0,0,0
BRDA:113,0,1,0
BRDA:115,1,0,0
BRDA:115,1,1,0
BRDA:115,1,2,0
BRDA:120,2,0,0
BRDA:120,2,1,0
BRDA:161,3,0,0
BRDA:161,3,1,0
BRDA:167,4,0,0
BRDA:167,4,1,0
BRDA:178,5,0,0
BRDA:178,5,1,0
BRDA:228,6,0,0
BRDA:228,6,1,0
BRDA:230,7,0,0
BRDA:230,7,1,0
BRDA:234,8,0,0
BRDA:234,8,1,0
BRDA:236,9,0,0
BRDA:236,9,1,0
BRDA:267,10,0,0
BRDA:267,10,1,0
BRDA:297,11,0,0
BRDA:297,11,1,0
BRDA:300,12,0,0
BRDA:300,12,1,0
BRF:27
BRH:0
end_of_record
TN:
SF:app/lib/providers/longcat-client.ts
FN:44,(anonymous_0)
FN:56,(anonymous_1)
FN:76,(anonymous_2)
FN:84,(anonymous_3)
FN:103,(anonymous_4)
FN:112,(anonymous_5)
FN:121,(anonymous_6)
FN:123,(anonymous_7)
FN:126,(anonymous_8)
FN:147,(anonymous_9)
FN:256,(anonymous_10)
FN:263,(anonymous_11)
FN:285,createLongCatClient
FNF:13
FNH:13
FNDA:12,(anonymous_0)
FNDA:5,(anonymous_1)
FNDA:4,(anonymous_2)
FNDA:2,(anonymous_3)
FNDA:1,(anonymous_4)
FNDA:1,(anonymous_5)
FNDA:1,(anonymous_6)
FNDA:2,(anonymous_7)
FNDA:11,(anonymous_8)
FNDA:6,(anonymous_9)
FNDA:2,(anonymous_10)
FNDA:9,(anonymous_11)
FNDA:3,createLongCatClient
DA:45,12
DA:57,5
DA:70,3
DA:77,4
DA:78,4
DA:89,2
DA:91,2
DA:92,3
DA:94,3
DA:95,1
DA:98,2
DA:99,1
DA:103,1
DA:106,0
DA:113,1
DA:122,1
DA:123,2
DA:127,11
DA:129,11
DA:137,11
DA:141,11
DA:142,13
DA:144,13
DA:146,13
DA:147,13
DA:148,6
DA:149,6
DA:156,13
DA:157,13
DA:162,13
DA:163,13
DA:164,13
DA:169,10
DA:170,0
DA:172,0
DA:183,0
DA:188,10
DA:190,1
DA:191,1
DA:192,1
DA:193,1
DA:196,0
DA:197,0
DA:198,0
DA:199,0
DA:200,0
DA:202,0
DA:211,1
DA:215,1
DA:217,1
DA:218,1
DA:219,1
DA:220,1
DA:224,9
DA:225,9
DA:226,9
DA:227,9
DA:230,0
DA:231,0
DA:232,0
DA:233,0
DA:234,0
DA:236,0
DA:244,9
DA:246,4
DA:249,4
DA:250,4
DA:251,2
DA:255,2
DA:256,2
DA:260,2
DA:264,9
DA:286,3
DA:288,3
DA:289,1
DA:292,2
LF:76
LH:60
BRDA:61,0,0,5
BRDA:61,0,1,4
BRDA:62,1,0,5
BRDA:62,1,1,4
BRDA:63,2,0,5
BRDA:63,2,1,4
BRDA:64,3,0,5
BRDA:64,3,1,4
BRDA:66,4,0,5
BRDA:66,4,1,4
BRDA:86,5,0,2
BRDA:87,6,0,2
BRDA:94,7,0,1
BRDA:94,7,1,2
BRDA:98,8,0,1
BRDA:98,8,1,1
BRDA:121,9,0,1
BRDA:121,10,0,1
BRDA:126,11,0,11
BRDA:162,12,0,13
BRDA:162,12,1,0
BRDA:169,13,0,0
BRDA:169,13,1,10
BRDA:173,14,0,0
BRDA:173,14,1,0
BRDA:174,15,0,0
BRDA:174,15,1,0
BRDA:175,16,0,0
BRDA:175,16,1,0
BRDA:176,17,0,0
BRDA:176,17,1,0
BRDA:177,18,0,0
BRDA:177,18,1,0
BRDA:178,19,0,0
BRDA:178,19,1,0
BRDA:179,20,0,0
BRDA:179,20,1,0
BRDA:179,21,0,0
BRDA:179,21,1,0
BRDA:188,22,0,1
BRDA:188,22,1,9
BRDA:188,23,0,10
BRDA:188,23,1,10
BRDA:192,24,0,1
BRDA:192,24,1,0
BRDA:192,25,0,1
BRDA:192,25,1,1
BRDA:198,26,0,0
BRDA:198,26,1,0
BRDA:211,27,0,1
BRDA:211,27,1,0
BRDA:213,28,0,0
BRDA:213,28,1,0
BRDA:215,29,0,1
BRDA:215,29,1,1
BRDA:215,29,2,0
BRDA:215,29,3,0
BRDA:215,29,4,0
BRDA:226,30,0,9
BRDA:226,30,1,0
BRDA:226,31,0,9
BRDA:226,31,1,9
BRDA:232,32,0,0
BRDA:232,32,1,0
BRDA:249,33,0,4
BRDA:249,33,1,1
BRDA:250,34,0,2
BRDA:250,34,1,2
BRDA:250,35,0,4
BRDA:250,35,1,3
BRDA:272,36,0,1
BRDA:272,36,1,8
BRDA:286,37,0,3
BRDA:286,37,1,2
BRDA:288,38,0,1
BRDA:288,38,1,2
BRF:76
BRH:46
end_of_record
TN:
SF:app/lib/providers/video-registry.ts
FN:68,(anonymous_0)
FN:76,(anonymous_1)
FN:93,(anonymous_2)
FN:106,(anonymous_3)
FN:131,(anonymous_4)
FN:143,(anonymous_5)
FN:145,(anonymous_6)
FN:146,(anonymous_7)
FN:147,(anonymous_8)
FN:156,(anonymous_9)
FN:160,(anonymous_10)
FN:169,(anonymous_11)
FN:172,(anonymous_12)
FN:190,(anonymous_13)
FN:218,(anonymous_14)
FN:236,(anonymous_15)
FN:240,(anonymous_16)
FN:256,(anonymous_17)
FN:273,(anonymous_18)
FN:281,(anonymous_19)
FN:309,createVideoRegistry
FNF:21
FNH:0
FNDA:0,(anonymous_0)
FNDA:0,(anonymous_1)
FNDA:0,(anonymous_2)
FNDA:0,(anonymous_3)
FNDA:0,(anonymous_4)
FNDA:0,(anonymous_5)
FNDA:0,(anonymous_6)
FNDA:0,(anonymous_7)
FNDA:0,(anonymous_8)
FNDA:0,(anonymous_9)
FNDA:0,(anonymous_10)
FNDA:0,(anonymous_11)
FNDA:0,(anonymous_12)
FNDA:0,(anonymous_13)
FNDA:0,(anonymous_14)
FNDA:0,(anonymous_15)
FNDA:0,(anonymous_16)
FNDA:0,(anonymous_17)
FNDA:0,(anonymous_18)
FNDA:0,(anonymous_19)
FNDA:0,createVideoRegistry
DA:66,0
DA:69,0
DA:70,0
DA:77,0
DA:79,0
DA:80,0
DA:82,0
DA:83,0
DA:84,0
DA:86,0
DA:94,0
DA:95,0
DA:96,0
DA:99,0
DA:100,0
DA:111,0
DA:112,0
DA:113,0
DA:116,0
DA:125,0
DA:132,0
DA:133,0
DA:134,0
DA:137,0
DA:144,0
DA:145,0
DA:146,0
DA:147,0
DA:157,0
DA:158,0
DA:160,0
DA:161,0
DA:162,0
DA:169,0
DA:174,0
DA:175,0
DA:176,0
DA:177,0
DA:179,0
DA:192,0
DA:193,0
DA:197,0
DA:198,0
DA:202,0
DA:203,0
DA:204,0
DA:205,0
DA:210,0
DA:211,0
DA:212,0
DA:215,0
DA:222,0
DA:223,0
DA:224,0
DA:228,0
DA:231,0
DA:233,0
DA:240,0
DA:242,0
DA:243,0
DA:245,0
DA:246,0
DA:248,0
DA:249,0
DA:253,0
DA:257,0
DA:259,0
DA:269,0
DA:274,0
DA:275,0
DA:278,0
DA:283,0
DA:295,0
DA:296,0
DA:302,0
DA:310,0
DA:352,0
DA:361,0
LF:78
LH:0
BRDA:82,0,0,0
BRDA:82,0,1,0
BRDA:82,1,0,0
BRDA:82,1,1,0
BRDA:95,2,0,0
BRDA:95,2,1,0
BRDA:112,3,0,0
BRDA:112,3,1,0
BRDA:122,4,0,0
BRDA:122,4,1,0
BRDA:133,5,0,0
BRDA:133,5,1,0
BRDA:157,6,0,0
BRDA:157,6,1,0
BRDA:161,7,0,0
BRDA:161,7,1,0
BRDA:161,8,0,0
BRDA:161,8,1,0
BRDA:174,9,0,0
BRDA:174,9,1,0
BRDA:192,10,0,0
BRDA:192,10,1,0
BRDA:192,11,0,0
BRDA:192,11,1,0
BRDA:197,12,0,0
BRDA:197,12,1,0
BRDA:197,13,0,0
BRDA:197,13,1,0
BRDA:202,14,0,0
BRDA:202,14,1,0
BRDA:204,15,0,0
BRDA:204,15,1,0
BRDA:211,16,0,0
BRDA:211,16,1,0
BRDA:223,17,0,0
BRDA:223,17,1,0
BRDA:240,18,0,0
BRDA:240,18,1,0
BRDA:243,19,0,0
BRDA:243,19,1,0
BRDA:257,20,0,0
BRDA:257,20,1,0
BRDA:274,21,0,0
BRDA:274,21,1,0
BRDA:295,22,0,0
BRDA:295,22,1,0
BRF:46
BRH:0
end_of_record
